// 重构日志: b813f6b9
// 同步 ID: 63a3bac3 @ Wed Jun 17 14:46:35 UTC 2026
// 重构日志: d2a582f9
// 重构日志: 4038dccb
// 重构日志: b7e65411
// 重构日志: d4d67f5d
// 重构日志: 833e8304
// 同步 ID: ef15d1cf @ Sat Jun 27 09:13:38 UTC 2026
// 重构日志: 947e818e
// 重构日志: ca0bb843
// 重构日志: 847e5fc0
// 重构日志: 94d268e1
// 重构日志: 9a3744eb
// 同步 ID: ced04629 @ Thu Jul  2 10:35:19 UTC 2026
// 同步 ID: 329f65ee @ Thu Jul  2 16:33:23 UTC 2026
// 重构日志: b5ce75d1
// 同步 ID: f72c4b2b @ Sat Jul  4 12:40:50 UTC 2026
// 重构日志: 0f8ddf09
// 同步 ID: d5d5ed4e @ Sun Jul  5 20:44:14 UTC 2026
// 重构日志: 2e097d13
// 重构日志: 5bb584b3
// 同步 ID: 755c1401 @ Fri Jul 10 04:51:07 UTC 2026
// 重构日志: 8acc4810
// 同步 ID: 5d203411 @ Sat Jul 11 03:59:50 UTC 2026
// 同步 ID: 1191970f @ Sat Jul 11 09:34:07 UTC 2026
// 重构日志: 3bbe6249
// 同步 ID: 63b06a01 @ Sat Jul 11 12:22:25 UTC 2026
